time=2025-05-15T06:18:54.093Z level=INFO msg="checking for pulumi" path=/root/.config/sst/bin/pulumi
time=2025-05-15T06:18:54.365Z level=INFO msg="checking for bun" path=/root/.config/sst/bin/bun
time=2025-05-15T06:18:54.368Z level=INFO msg="initializing project" version=3.14.24
time=2025-05-15T06:18:54.368Z level=INFO msg="esbuild building" out=/root/home/oe/apps/organization/.sst/platform/sst.config.1747289934368.mjs
time=2025-05-15T06:18:54.374Z level=INFO msg="esbuild built" outfile=/root/home/oe/apps/organization/.sst/platform/sst.config.1747289934368.mjs
time=2025-05-15T06:18:54.374Z level=INFO msg="evaluating config"
time=2025-05-15T06:18:54.402Z level=INFO msg="config evaluated"
time=2025-05-15T06:18:54.403Z level=INFO msg="checking platform"
time=2025-05-15T06:18:54.404Z level=INFO msg="loading home"
time=2025-05-15T06:18:54.404Z level=INFO msg="aws credentials found" region=ap-southeast-1 profile=""
time=2025-05-15T06:18:54.404Z level=INFO msg="fetching bootstrap"
time=2025-05-15T06:18:54.708Z level=INFO msg="found existing bootstrap" data="{\"version\":5,\"asset\":\"sst-asset-awkrzfkechwv\",\"assetEcrRegistryId\":\"613124242970\",\"assetEcrUrl\":\"613124242970.dkr.ecr.ap-southeast-1.amazonaws.com/sst-asset\",\"state\":\"sst-state-awkrzfkechwv\",\"appsyncHttp\":\"\",\"appsyncRealtime\":\"\"}"
time=2025-05-15T06:18:54.708Z level=INFO msg="loaded config" app=org stage=production
time=2025-05-15T06:18:54.708Z level=INFO msg="initializing ui" isTTY=true
time=2025-05-15T06:18:54.709Z level=INFO msg="server port assigned" port=13557
time=2025-05-15T06:18:54.709Z level=INFO msg="running stack command" service=project.run cmd=deploy
time=2025-05-15T06:18:54.709Z level=INFO msg="INFO locking app=org stage=production"
time=2025-05-15T06:18:54.709Z level=INFO msg="INFO getting data key=lock app=org stage=production"
time=2025-05-15T06:18:54.709Z level=INFO msg=starting service=server
time=2025-05-15T06:18:54.710Z level=INFO msg=server service=server addr=0.0.0.0:13557
time=2025-05-15T06:18:55.083Z level=INFO msg="INFO putting update app=org stage=production"
time=2025-05-15T06:18:55.229Z level=INFO msg="INFO getting passphrase app=org stage=production"
time=2025-05-15T06:18:55.458Z level=INFO msg="INFO pulling state app=org stage=production out=/root/home/oe/apps/organization/.sst/pulumi/fe692d67748aa45a2742ac48/.pulumi/stacks/org/production.json"
time=2025-05-15T06:18:56.682Z level=INFO msg="got previous deployment" service=project.run updateID=fe692d67748aa45a2742ac48
time=2025-05-15T06:18:56.682Z level=INFO msg="esbuild building" out=/root/home/oe/apps/organization/.sst/platform/sst.config.1747289935457.mjs
time=2025-05-15T06:18:56.744Z level=INFO msg="esbuild built" outfile=/root/home/oe/apps/organization/.sst/platform/sst.config.1747289935457.mjs
time=2025-05-15T06:18:56.752Z level=INFO msg="built sst.config.ts" service=project.run updateID=fe692d67748aa45a2742ac48 to=/root/home/oe/apps/organization/.sst/platform/sst.config.1747289935457.mjs
time=2025-05-15T06:18:56.758Z level=INFO msg="tracked files" service=project.run updateID=fe692d67748aa45a2742ac48
time=2025-05-15T06:18:56.758Z level=INFO msg="INFO getting data key=secret app=org stage=_fallback"
time=2025-05-15T06:18:56.758Z level=INFO msg="INFO getting data key=secret app=org stage=production"
time=2025-05-15T06:18:56.904Z level=INFO msg="starting pulumi" service=project.run updateID=fe692d67748aa45a2742ac48 args="[/root/.config/sst/bin/pulumi up --yes -f --stack organization/org/production --non-interactive --event-log /root/home/oe/apps/organization/.sst/pulumi/fe692d67748aa45a2742ac48/eventlog.json --config aws:defaultTags={\"tags\":{\"sst:app\":\"org\",\"sst:stage\":\"production\"}} --config aws:region=ap-southeast-1]"
time=2025-05-15T06:19:01.905Z level=INFO msg="INFO pushing partial state updateID=fe692d67748aa45a2742ac48"
time=2025-05-15T06:19:04.974Z level=INFO msg="INFO pushing partial state updateID=fe692d67748aa45a2742ac48"
time=2025-05-15T06:19:06.385Z level=INFO msg="INFO pushing partial state updateID=fe692d67748aa45a2742ac48"
time=2025-05-15T06:19:06.542Z level=INFO msg="INFO pushing partial state updateID=fe692d67748aa45a2742ac48"
time=2025-05-15T06:19:06.788Z level=INFO msg="INFO pushing partial state updateID=fe692d67748aa45a2742ac48"
time=2025-05-15T06:19:07.998Z level=INFO msg="INFO pushing partial state updateID=fe692d67748aa45a2742ac48"
time=2025-05-15T06:19:09.612Z level=INFO msg="INFO pushing partial state updateID=fe692d67748aa45a2742ac48"
time=2025-05-15T06:19:09.915Z level=INFO msg="INFO pushing partial state updateID=fe692d67748aa45a2742ac48"
time=2025-05-15T06:19:10.222Z level=INFO msg="INFO pushing partial state updateID=fe692d67748aa45a2742ac48"
time=2025-05-15T06:19:10.520Z level=INFO msg="INFO pushing partial state updateID=fe692d67748aa45a2742ac48"
time=2025-05-15T06:19:12.936Z level=INFO msg="INFO pushing partial state updateID=fe692d67748aa45a2742ac48"
time=2025-05-15T06:19:13.371Z level=INFO msg="rpc request" method=POST url=/rpc
time=2025-05-15T06:19:13.371Z level=INFO msg="rpc request" method=POST url=/rpc
time=2025-05-15T06:19:13.440Z level=INFO msg="INFO pushing partial state updateID=fe692d67748aa45a2742ac48"
time=2025-05-15T06:19:14.546Z level=INFO msg="INFO pushing partial state updateID=fe692d67748aa45a2742ac48"
time=2025-05-15T06:19:15.554Z level=INFO msg="INFO pushing partial state updateID=fe692d67748aa45a2742ac48"
time=2025-05-15T06:19:18.781Z level=INFO msg="INFO pushing partial state updateID=fe692d67748aa45a2742ac48"
time=2025-05-15T06:19:23.111Z level=INFO msg="INFO pushing partial state updateID=fe692d67748aa45a2742ac48"
time=2025-05-15T06:19:40.035Z level=INFO msg="INFO pushing partial state updateID=fe692d67748aa45a2742ac48"
time=2025-05-15T06:19:48.189Z level=INFO msg="INFO pushing partial state updateID=fe692d67748aa45a2742ac48"
time=2025-05-15T06:21:55.914Z level=INFO msg="INFO pushing partial state updateID=fe692d67748aa45a2742ac48"
time=2025-05-15T06:21:56.808Z level=INFO msg="rpc request" method=POST url=/rpc
time=2025-05-15T06:21:56.822Z level=INFO msg="INFO pushing partial state updateID=fe692d67748aa45a2742ac48"
time=2025-05-15T06:21:57.135Z level=INFO msg="INFO pushing partial state updateID=fe692d67748aa45a2742ac48"
time=2025-05-15T06:21:57.507Z level=INFO msg="rpc request" method=POST url=/rpc
time=2025-05-15T06:21:57.508Z level=INFO msg="building function" runtime=nodejs20.x functionID=oeorgtestnetRevalidationSeeder
time=2025-05-15T06:21:57.508Z level=INFO msg="function built" runtime=nodejs20.x functionID=oeorgtestnetRevalidationSeeder
time=2025-05-15T06:21:57.526Z level=INFO msg="INFO pushing partial state updateID=fe692d67748aa45a2742ac48"
time=2025-05-15T06:21:57.596Z level=INFO msg="rpc request" method=POST url=/rpc
time=2025-05-15T06:21:57.928Z level=INFO msg="INFO pushing partial state updateID=fe692d67748aa45a2742ac48"
time=2025-05-15T06:22:23.100Z level=INFO msg="INFO pushing partial state updateID=fe692d67748aa45a2742ac48"
time=2025-05-15T06:22:23.158Z level=INFO msg="rpc request" method=POST url=/rpc
time=2025-05-15T06:22:23.544Z level=INFO msg="INFO pushing partial state updateID=fe692d67748aa45a2742ac48"
time=2025-05-15T06:22:23.660Z level=INFO msg="rpc request" method=POST url=/rpc
time=2025-05-15T06:22:23.660Z level=INFO msg="building function" runtime=nodejs20.x functionID=oeorgtestnetRevalidationEventsSubscriberBnrshdFunction
time=2025-05-15T06:22:23.660Z level=INFO msg="function built" runtime=nodejs20.x functionID=oeorgtestnetRevalidationEventsSubscriberBnrshdFunction
time=2025-05-15T06:22:23.714Z level=INFO msg="rpc request" method=POST url=/rpc
time=2025-05-15T06:22:23.889Z level=INFO msg="INFO pushing partial state updateID=fe692d67748aa45a2742ac48"
time=2025-05-15T06:22:24.209Z level=INFO msg="INFO pushing partial state updateID=fe692d67748aa45a2742ac48"
time=2025-05-15T06:22:24.813Z level=INFO msg="INFO pushing partial state updateID=fe692d67748aa45a2742ac48"
time=2025-05-15T06:22:25.083Z level=INFO msg="rpc request" method=POST url=/rpc
time=2025-05-15T06:22:26.323Z level=INFO msg="INFO pushing partial state updateID=fe692d67748aa45a2742ac48"
time=2025-05-15T06:22:26.664Z level=INFO msg="INFO pushing partial state updateID=fe692d67748aa45a2742ac48"
time=2025-05-15T06:22:26.744Z level=INFO msg="rpc request" method=POST url=/rpc
time=2025-05-15T06:22:26.791Z level=INFO msg="rpc request" method=POST url=/rpc
time=2025-05-15T06:22:26.930Z level=INFO msg="INFO pushing partial state updateID=fe692d67748aa45a2742ac48"
time=2025-05-15T06:22:26.956Z level=INFO msg="rpc request" method=POST url=/rpc
time=2025-05-15T06:22:26.956Z level=INFO msg="building function" runtime=nodejs20.x functionID=oeorgtestnetImageOptimizer
time=2025-05-15T06:22:26.956Z level=INFO msg="function built" runtime=nodejs20.x functionID=oeorgtestnetImageOptimizer
time=2025-05-15T06:22:27.298Z level=INFO msg="rpc request" method=POST url=/rpc
time=2025-05-15T06:22:27.299Z level=INFO msg="building function" runtime=nodejs20.x functionID=oeorgtestnetServerApsoutheast1
time=2025-05-15T06:22:27.299Z level=INFO msg="function built" runtime=nodejs20.x functionID=oeorgtestnetServerApsoutheast1
time=2025-05-15T06:22:27.555Z level=INFO msg="INFO pushing partial state updateID=fe692d67748aa45a2742ac48"
time=2025-05-15T06:22:29.146Z level=INFO msg="INFO pushing partial state updateID=fe692d67748aa45a2742ac48"
time=2025-05-15T06:22:29.848Z level=INFO msg="INFO pushing partial state updateID=fe692d67748aa45a2742ac48"
time=2025-05-15T06:22:31.152Z level=INFO msg="rpc request" method=POST url=/rpc
time=2025-05-15T06:22:33.077Z level=INFO msg="INFO pushing partial state updateID=fe692d67748aa45a2742ac48"
time=2025-05-15T06:22:33.780Z level=INFO msg="rpc request" method=POST url=/rpc
time=2025-05-15T06:22:33.859Z level=INFO msg="INFO pushing partial state updateID=fe692d67748aa45a2742ac48"
time=2025-05-15T06:22:35.800Z level=INFO msg="INFO pushing partial state updateID=fe692d67748aa45a2742ac48"
time=2025-05-15T06:22:40.531Z level=INFO msg="INFO pushing partial state updateID=fe692d67748aa45a2742ac48"
time=2025-05-15T06:22:41.097Z level=INFO msg="INFO pushing partial state updateID=fe692d67748aa45a2742ac48"
time=2025-05-15T06:22:42.822Z level=INFO msg="rpc request" method=POST url=/rpc
time=2025-05-15T06:22:42.847Z level=INFO msg="INFO pushing partial state updateID=fe692d67748aa45a2742ac48"
time=2025-05-15T06:22:43.361Z level=INFO msg="INFO pushing partial state updateID=fe692d67748aa45a2742ac48"
time=2025-05-15T06:22:43.379Z level=INFO msg="rpc request" method=POST url=/rpc
time=2025-05-15T06:22:43.489Z level=INFO msg="rpc request" method=POST url=/rpc
time=2025-05-15T06:22:43.490Z level=INFO msg="building function" runtime=nodejs20.x functionID=oeorgtestnetWarmerApsoutheast1Handler
time=2025-05-15T06:22:43.490Z level=INFO msg="function built" runtime=nodejs20.x functionID=oeorgtestnetWarmerApsoutheast1Handler
time=2025-05-15T06:22:43.546Z level=INFO msg="rpc request" method=POST url=/rpc
time=2025-05-15T06:22:44.573Z level=INFO msg="INFO pushing partial state updateID=fe692d67748aa45a2742ac48"
time=2025-05-15T06:22:45.076Z level=INFO msg="INFO pushing partial state updateID=fe692d67748aa45a2742ac48"
time=2025-05-15T06:22:45.669Z level=INFO msg="INFO pushing partial state updateID=fe692d67748aa45a2742ac48"
time=2025-05-15T06:23:00.155Z level=INFO msg="INFO pushing partial state updateID=fe692d67748aa45a2742ac48"
time=2025-05-15T06:23:00.755Z level=INFO msg="INFO pushing partial state updateID=fe692d67748aa45a2742ac48"
time=2025-05-15T06:23:05.491Z level=INFO msg="INFO pushing partial state updateID=fe692d67748aa45a2742ac48"
time=2025-05-15T06:56:29.203Z level=INFO msg=interrupted
time=2025-05-15T06:56:29.204Z level=INFO msg="sending interrupt" service=project.run updateID=fe692d67748aa45a2742ac48
time=2025-05-15T06:56:29.204Z level=INFO msg="shutting down server" service=server
time=2025-05-15T06:56:29.204Z level=INFO msg="server done" service=server
