Updating (production):

@ updating...........
 ++ command:local:Command oeBuilder creating replacement (0s) [diff: ]
@ updating.......
 ++ command:local:Command oeBuilder creating replacement (4s) [diff: ]; Monorepo detected at /root/home/oe
 ++ command:local:Command oeBuilder creating replacement (4s) [diff: ]; Next.js version : 15.4.0
 ++ command:local:Command oeBuilder creating replacement (4s) [diff: ]; OpenNext v3.6.1
 ++ command:local:Command oeBuilder creating replacement (4s) [diff: ]; 
 ++ command:local:Command oeBuilder creating replacement (4s) [diff: ]; ┌─────────────────────────────────┐
 ++ command:local:Command oeBuilder creating replacement (4s) [diff: ]; │ OpenNext — Building Next.js app │
 ++ command:local:Command oeBuilder creating replacement (4s) [diff: ]; └─────────────────────────────────┘
 ++ command:local:Command oeBuilder creating replacement (4s) [diff: ]; 
 ++ command:local:Command oeBuilder creating replacement (4s) [diff: ]; 
 ++ command:local:Command oeBuilder creating replacement (4s) [diff: ]; > platform@0.1.0 build /root/home/oe/apps/platform
 ++ command:local:Command oeBuilder creating replacement (4s) [diff: ]; > next build
 ++ command:local:Command oeBuilder creating replacement (4s) [diff: ]; 
@ updating.....
 ++ command:local:Command oeBuilder creating replacement (6s) [diff: ];    ▲ Next.js 15.4.0-canary.34
 ++ command:local:Command oeBuilder creating replacement (6s) [diff: ];    - Environments: .env.production, .env
 ++ command:local:Command oeBuilder creating replacement (6s) [diff: ];    - Experiments (use with caution):
 ++ command:local:Command oeBuilder creating replacement (6s) [diff: ];      · ppr
 ++ command:local:Command oeBuilder creating replacement (6s) [diff: ];      ✓ inlineCss
 ++ command:local:Command oeBuilder creating replacement (6s) [diff: ];      ✓ reactCompiler
 ++ command:local:Command oeBuilder creating replacement (6s) [diff: ]; 
 ++ command:local:Command oeBuilder creating replacement (6s) [diff: ];    Creating an optimized production build ...
@ updating....................
 ++ command:local:Command oeBuilder creating replacement (23s) [diff: ]; 
 ++ command:local:Command oeBuilder creating replacement (23s) [diff: ]; 
 ++ command:local:Command oeBuilder creating replacement (23s) [diff: ]; Retrying 1/3...
@ updating.............................................................................................
 ++ command:local:Command oeBuilder creating replacement (113s) [diff: ];  ✓ Compiled successfully in 106s
 ++ command:local:Command oeBuilder creating replacement (113s) [diff: ];    Skipping validation of types
 ++ command:local:Command oeBuilder creating replacement (113s) [diff: ];    Skipping linting
@ updating....
 ++ command:local:Command oeBuilder creating replacement (114s) [diff: ];    Collecting page data ...
@ updating.......
 ++ command:local:Command oeBuilder creating replacement (117s) [diff: ]; 🚀 ~ AUTH_SECRET: RpZLdlJdur9gBl5+TUxtkDlVkYyahFJXpX3zJpDolmU=
 ++ command:local:Command oeBuilder creating replacement (117s) [diff: ]; 🚀 ~ AUTH_SECRET: RpZLdlJdur9gBl5+TUxtkDlVkYyahFJXpX3zJpDolmU=
 ++ command:local:Command oeBuilder creating replacement (117s) [diff: ]; 🚀 ~ AUTH_SECRET: RpZLdlJdur9gBl5+TUxtkDlVkYyahFJXpX3zJpDolmU=
 ++ command:local:Command oeBuilder creating replacement (118s) [diff: ]; 🚀 ~ AUTH_SECRET: RpZLdlJdur9gBl5+TUxtkDlVkYyahFJXpX3zJpDolmU=
 ++ command:local:Command oeBuilder creating replacement (118s) [diff: ]; 🚀 ~ AUTH_SECRET: RpZLdlJdur9gBl5+TUxtkDlVkYyahFJXpX3zJpDolmU=
 ++ command:local:Command oeBuilder creating replacement (118s) [diff: ]; 🚀 ~ AUTH_SECRET: RpZLdlJdur9gBl5+TUxtkDlVkYyahFJXpX3zJpDolmU=
 ++ command:local:Command oeBuilder creating replacement (118s) [diff: ]; 🚀 ~ AUTH_SECRET: RpZLdlJdur9gBl5+TUxtkDlVkYyahFJXpX3zJpDolmU=
 ++ command:local:Command oeBuilder creating replacement (118s) [diff: ]; 🚀 ~ AUTH_SECRET: RpZLdlJdur9gBl5+TUxtkDlVkYyahFJXpX3zJpDolmU=
 ++ command:local:Command oeBuilder creating replacement (118s) [diff: ]; 🚀 ~ AUTH_SECRET: RpZLdlJdur9gBl5+TUxtkDlVkYyahFJXpX3zJpDolmU=
 ++ command:local:Command oeBuilder creating replacement (118s) [diff: ]; 🚀 ~ AUTH_SECRET: RpZLdlJdur9gBl5+TUxtkDlVkYyahFJXpX3zJpDolmU=
 ++ command:local:Command oeBuilder creating replacement (118s) [diff: ]; 🚀 ~ AUTH_SECRET: RpZLdlJdur9gBl5+TUxtkDlVkYyahFJXpX3zJpDolmU=
 ++ command:local:Command oeBuilder creating replacement (118s) [diff: ]; 🚀 ~ AUTH_SECRET: RpZLdlJdur9gBl5+TUxtkDlVkYyahFJXpX3zJpDolmU=
 ++ command:local:Command oeBuilder creating replacement (118s) [diff: ]; 🚀 ~ AUTH_SECRET: RpZLdlJdur9gBl5+TUxtkDlVkYyahFJXpX3zJpDolmU=
@ updating....
 ++ command:local:Command oeBuilder creating replacement (118s) [diff: ]; 🚀 ~ AUTH_SECRET: RpZLdlJdur9gBl5+TUxtkDlVkYyahFJXpX3zJpDolmU=
 ++ command:local:Command oeBuilder creating replacement (118s) [diff: ]; 🚀 ~ AUTH_SECRET: RpZLdlJdur9gBl5+TUxtkDlVkYyahFJXpX3zJpDolmU=
@ updating.............
 ++ command:local:Command oeBuilder creating replacement (129s) [diff: ];    Generating static pages (0/8) ...
@ updating........
 ++ command:local:Command oeBuilder creating replacement (134s) [diff: ]; 🚀 ~ AUTH_SECRET: RpZLdlJdur9gBl5+TUxtkDlVkYyahFJXpX3zJpDolmU=
 ++ command:local:Command oeBuilder creating replacement (134s) [diff: ];    Generating static pages (2/8) 
 ++ command:local:Command oeBuilder creating replacement (134s) [diff: ];    Generating static pages (4/8) 
 ++ command:local:Command oeBuilder creating replacement (134s) [diff: ];    Generating static pages (6/8) 
 ++ command:local:Command oeBuilder creating replacement (134s) [diff: ];  ✓ Generating static pages (8/8)
@ updating......
 ++ command:local:Command oeBuilder creating replacement (137s) [diff: ];    Finalizing page optimization ...
 ++ command:local:Command oeBuilder creating replacement (137s) [diff: ];    Collecting build traces ...
@ updating..................................................
 ++ command:local:Command oeBuilder creating replacement (184s) [diff: ]; 
 ++ command:local:Command oeBuilder creating replacement (184s) [diff: ]; Route (app)                                                                 Size  First Load JS
 ++ command:local:Command oeBuilder creating replacement (184s) [diff: ]; ┌ ○ /_not-found                                                          1.01 kB         114 kB
 ++ command:local:Command oeBuilder creating replacement (184s) [diff: ]; ├ ƒ /[locale]                                                            4.01 kB         154 kB
 ++ command:local:Command oeBuilder creating replacement (184s) [diff: ]; ├ ƒ /[locale]/[...rest]                                                    184 B         113 kB
 ++ command:local:Command oeBuilder creating replacement (184s) [diff: ]; ├ ƒ /[locale]/about-us                                                     184 B         113 kB
 ++ command:local:Command oeBuilder creating replacement (184s) [diff: ]; ├ ƒ /[locale]/admin                                                        472 B         146 kB
 ++ command:local:Command oeBuilder creating replacement (184s) [diff: ]; ├ ƒ /[locale]/admin/certificates                                          8.6 kB         545 kB
 ++ command:local:Command oeBuilder creating replacement (184s) [diff: ]; ├ ƒ /[locale]/admin/certificates/[id]                                    94.3 kB        1.62 MB
 ++ command:local:Command oeBuilder creating replacement (184s) [diff: ]; ├ ƒ /[locale]/admin/course/categories                                      215 B         398 kB
 ++ command:local:Command oeBuilder creating replacement (184s) [diff: ]; ├ ƒ /[locale]/admin/course/course-management                             7.14 kB         370 kB
 ++ command:local:Command oeBuilder creating replacement (184s) [diff: ]; ├ ƒ /[locale]/admin/course/reviewing                                     5.54 kB         401 kB
 ++ command:local:Command oeBuilder creating replacement (184s) [diff: ]; ├ ƒ /[locale]/admin/creator-management                                      4 kB         400 kB
 ++ command:local:Command oeBuilder creating replacement (184s) [diff: ]; ├ ƒ /[locale]/admin/creator-management/creators                             4 kB         400 kB
 ++ command:local:Command oeBuilder creating replacement (184s) [diff: ]; ├ ƒ /[locale]/admin/creator-management/invitations                       3.83 kB         367 kB
 ++ command:local:Command oeBuilder creating replacement (184s) [diff: ]; ├ ƒ /[locale]/admin/creator-management/requests                          2.39 kB         399 kB
 ++ command:local:Command oeBuilder creating replacement (184s) [diff: ]; ├ ƒ /[locale]/admin/launchpad/approved                                   3.18 kB         366 kB
 ++ command:local:Command oeBuilder creating replacement (184s) [diff: ]; ├ ƒ /[locale]/admin/launchpad/approved/[id]                              2.93 kB         343 kB
 ++ command:local:Command oeBuilder creating replacement (184s) [diff: ]; ├ ƒ /[locale]/admin/launchpad/requests                                   3.27 kB         399 kB
 ++ command:local:Command oeBuilder creating replacement (184s) [diff: ]; ├ ƒ /[locale]/admin/launchpad/requests/[id]                              3.37 kB         376 kB
 ++ command:local:Command oeBuilder creating replacement (184s) [diff: ]; ├ ƒ /[locale]/admin/organizations/organization-requests                  10.1 kB         398 kB
 ++ command:local:Command oeBuilder creating replacement (184s) [diff: ]; ├ ƒ /[locale]/admin/organizations/organizations-management                 14 kB         427 kB
 ++ command:local:Command oeBuilder creating replacement (184s) [diff: ]; ├ ƒ /[locale]/admin/permissions                                            214 B         397 kB
 ++ command:local:Command oeBuilder creating replacement (184s) [diff: ]; ├ ƒ /[locale]/admin/permissions/actions                                    214 B         397 kB
 ++ command:local:Command oeBuilder creating replacement (184s) [diff: ]; ├ ƒ /[locale]/admin/permissions/pages                                    6.82 kB         347 kB
 ++ command:local:Command oeBuilder creating replacement (184s) [diff: ]; ├ ƒ /[locale]/admin/permissions/roles                                    7.86 kB         348 kB
 ++ command:local:Command oeBuilder creating replacement (184s) [diff: ]; ├ ƒ /[locale]/admin/referral-program/program-management                  12.5 kB         378 kB
 ++ command:local:Command oeBuilder creating replacement (184s) [diff: ]; ├ ƒ /[locale]/admin/schedule                                             11.8 kB         400 kB
 ++ command:local:Command oeBuilder creating replacement (184s) [diff: ]; ├ ƒ /[locale]/admin/site-settings/emails                                   184 B         113 kB
 ++ command:local:Command oeBuilder creating replacement (184s) [diff: ]; ├ ƒ /[locale]/admin/site-settings/featured-contents                      23.3 kB         392 kB
 ++ command:local:Command oeBuilder creating replacement (184s) [diff: ]; ├ ƒ /[locale]/admin/site-settings/general                                2.21 kB         342 kB
 ++ command:local:Command oeBuilder creating replacement (184s) [diff: ]; ├ ƒ /[locale]/admin/site-settings/languages                              19.5 kB         292 kB
 ++ command:local:Command oeBuilder creating replacement (184s) [diff: ]; ├ ƒ /[locale]/admin/site-settings/languages/translations                 10.4 kB         307 kB
 ++ command:local:Command oeBuilder creating replacement (184s) [diff: ]; ├ ƒ /[locale]/admin/site-settings/pages                                    184 B         113 kB
 ++ command:local:Command oeBuilder creating replacement (184s) [diff: ]; ├ ƒ /[locale]/admin/statistic/ai-course-statistic                         202 kB         688 kB
 ++ command:local:Command oeBuilder creating replacement (184s) [diff: ]; ├ ƒ /[locale]/admin/terms-and-conditions/faq                             6.59 kB         961 kB
 ++ command:local:Command oeBuilder creating replacement (184s) [diff: ]; ├ ƒ /[locale]/admin/terms-and-conditions/terms-and-privacy               6.59 kB         961 kB
 ++ command:local:Command oeBuilder creating replacement (184s) [diff: ]; ├ ƒ /[locale]/admin/withdraw-request                                     13.9 kB         444 kB
 ++ command:local:Command oeBuilder creating replacement (184s) [diff: ]; ├ ƒ /[locale]/affiliate                                                    472 B         146 kB
 ++ command:local:Command oeBuilder creating replacement (184s) [diff: ]; ├ ƒ /[locale]/affiliate/campaigns                                        10.7 kB         399 kB
 ++ command:local:Command oeBuilder creating replacement (184s) [diff: ]; ├ ƒ /[locale]/affiliate/campaigns/[campaignId]                           6.92 kB         347 kB
 ++ command:local:Command oeBuilder creating replacement (184s) [diff: ]; ├ ƒ /[locale]/affiliate/report                                           4.21 kB         367 kB
 ++ command:local:Command oeBuilder creating replacement (184s) [diff: ]; ├ ƒ /[locale]/affiliate/report/report-detail                             3.45 kB         366 kB
 ++ command:local:Command oeBuilder creating replacement (184s) [diff: ]; ├ ƒ /[locale]/ai-agent                                                   1.18 kB         446 kB
 ++ command:local:Command oeBuilder creating replacement (184s) [diff: ]; ├ ƒ /[locale]/ai-agent/chat                                                326 B         445 kB
 ++ command:local:Command oeBuilder creating replacement (184s) [diff: ]; ├ ƒ /[locale]/ai-agent/chat/[id]                                           326 B         445 kB
 ++ command:local:Command oeBuilder creating replacement (184s) [diff: ]; ├ ƒ /[locale]/ai-agent/history                                             326 B         445 kB
 ++ command:local:Command oeBuilder creating replacement (184s) [diff: ]; ├ ƒ /[locale]/ai-agent/image-generator                                     326 B         445 kB
 ++ command:local:Command oeBuilder creating replacement (184s) [diff: ]; ├ ƒ /[locale]/ai-agent/image-generator/[id]                                326 B         445 kB
 ++ command:local:Command oeBuilder creating replacement (184s) [diff: ]; ├ ƒ /[locale]/ai-agent/slide                                               326 B         445 kB
@ updating....
 ++ command:local:Command oeBuilder creating replacement (184s) [diff: ]; ├ ƒ /[locale]/ai-agent/slide/[id]                                          326 B         445 kB
 ++ command:local:Command oeBuilder creating replacement (184s) [diff: ]; ├ ƒ /[locale]/auth-confirm                                               1.77 kB         247 kB
 ++ command:local:Command oeBuilder creating replacement (184s) [diff: ]; ├ ƒ /[locale]/blog-admin/[id]/edit                                       1.25 kB         977 kB
 ++ command:local:Command oeBuilder creating replacement (184s) [diff: ]; ├ ƒ /[locale]/blog-admin/[id]/preview                                      330 B         976 kB
 ++ command:local:Command oeBuilder creating replacement (184s) [diff: ]; ├ ƒ /[locale]/blog-admin/blog-category                                     215 B         398 kB
 ++ command:local:Command oeBuilder creating replacement (184s) [diff: ]; ├ ƒ /[locale]/blog-admin/creation                                        1.25 kB         977 kB
 ++ command:local:Command oeBuilder creating replacement (184s) [diff: ]; ├ ƒ /[locale]/blog-admin/editor-management                                 213 B         406 kB
 ++ command:local:Command oeBuilder creating replacement (184s) [diff: ]; ├ ƒ /[locale]/blog-admin/invitation-management                           3.83 kB         367 kB
 ++ command:local:Command oeBuilder creating replacement (184s) [diff: ]; ├ ƒ /[locale]/blog-admin/invitation-management/editor                    3.83 kB         367 kB
 ++ command:local:Command oeBuilder creating replacement (184s) [diff: ]; ├ ƒ /[locale]/blog-admin/my-blog                                           458 B         976 kB
 ++ command:local:Command oeBuilder creating replacement (184s) [diff: ]; ├ ƒ /[locale]/blog-admin/org-blog                                          213 B         399 kB
 ++ command:local:Command oeBuilder creating replacement (184s) [diff: ]; ├ ƒ /[locale]/blog-admin/request                                         19.6 kB         807 kB
 ++ command:local:Command oeBuilder creating replacement (184s) [diff: ]; ├ ƒ /[locale]/blog-admin/user-blog                                         214 B         399 kB
 ++ command:local:Command oeBuilder creating replacement (184s) [diff: ]; ├ ƒ /[locale]/blog-admin/writer-management                                 213 B         406 kB
 ++ command:local:Command oeBuilder creating replacement (184s) [diff: ]; ├ ƒ /[locale]/callback                                                     184 B         113 kB
 ++ command:local:Command oeBuilder creating replacement (184s) [diff: ]; ├ ƒ /[locale]/contact-us                                                   184 B         113 kB
 ++ command:local:Command oeBuilder creating replacement (184s) [diff: ]; ├ ƒ /[locale]/courses                                                    23.7 kB         219 kB
 ++ command:local:Command oeBuilder creating replacement (184s) [diff: ]; ├ ƒ /[locale]/courses/[slug]                                               822 B         367 kB
 ++ command:local:Command oeBuilder creating replacement (184s) [diff: ]; ├ ƒ /[locale]/courses/[slug]/[section]/[lesson]                           105 kB        1.21 MB
 ++ command:local:Command oeBuilder creating replacement (184s) [diff: ]; ├ ƒ /[locale]/courses/[slug]/payment                                       18 kB         450 kB
 ++ command:local:Command oeBuilder creating replacement (184s) [diff: ]; ├ ƒ /[locale]/courses/[slug]/payment/payment-failed                      3.41 kB         177 kB
 ++ command:local:Command oeBuilder creating replacement (184s) [diff: ]; ├ ƒ /[locale]/courses/[slug]/payment/payment-success                      3.4 kB         177 kB
 ++ command:local:Command oeBuilder creating replacement (184s) [diff: ]; ├ ƒ /[locale]/courses/preview/[courseId]/[orgId]                           254 B         367 kB
 ++ command:local:Command oeBuilder creating replacement (184s) [diff: ]; ├ ƒ /[locale]/creator                                                      472 B         146 kB
 ++ command:local:Command oeBuilder creating replacement (184s) [diff: ]; ├ ƒ /[locale]/creator/affiliate-campaigns                                  213 B         402 kB
 ++ command:local:Command oeBuilder creating replacement (184s) [diff: ]; ├ ƒ /[locale]/creator/affiliate-campaigns/[campaignId]                   4.79 kB         299 kB
 ++ command:local:Command oeBuilder creating replacement (184s) [diff: ]; ├ ƒ /[locale]/creator/affiliate-campaigns/[campaignId]/campaign-courses  4.79 kB         299 kB
 ++ command:local:Command oeBuilder creating replacement (184s) [diff: ]; ├ ƒ /[locale]/creator/affiliate-campaigns/[campaignId]/commissions       17.3 kB         307 kB
 ++ command:local:Command oeBuilder creating replacement (184s) [diff: ]; ├ ƒ /[locale]/creator/affiliate-campaigns/[campaignId]/referrers         4.14 kB         288 kB
 ++ command:local:Command oeBuilder creating replacement (184s) [diff: ]; ├ ƒ /[locale]/creator/affiliate-campaigns/campaigns                        212 B         402 kB
 ++ command:local:Command oeBuilder creating replacement (184s) [diff: ]; ├ ƒ /[locale]/creator/affiliate-campaigns/report                         7.72 kB         396 kB
 ++ command:local:Command oeBuilder creating replacement (184s) [diff: ]; ├ ƒ /[locale]/creator/coupon                                             29.2 kB         417 kB
 ++ command:local:Command oeBuilder creating replacement (184s) [diff: ]; ├ ƒ /[locale]/creator/course/categories                                    214 B         398 kB
 ++ command:local:Command oeBuilder creating replacement (184s) [diff: ]; ├ ƒ /[locale]/creator/courses                                            22.8 kB         415 kB
 ++ command:local:Command oeBuilder creating replacement (184s) [diff: ]; ├ ƒ /[locale]/creator/courses/[courseId]/[sectionId]/[lessonId]          31.8 kB         903 kB
 ++ command:local:Command oeBuilder creating replacement (184s) [diff: ]; ├ ƒ /[locale]/creator/courses/[courseId]/certificate                     26.2 kB         1.1 MB
 ++ command:local:Command oeBuilder creating replacement (184s) [diff: ]; ├ ƒ /[locale]/creator/courses/[courseId]/collaborators                     16 kB         294 kB
 ++ command:local:Command oeBuilder creating replacement (184s) [diff: ]; ├ ƒ /[locale]/creator/courses/[courseId]/history                         12.7 kB         299 kB
 ++ command:local:Command oeBuilder creating replacement (184s) [diff: ]; ├ ƒ /[locale]/creator/courses/[courseId]/learners                        7.05 kB         244 kB
 ++ command:local:Command oeBuilder creating replacement (184s) [diff: ]; ├ ƒ /[locale]/creator/courses/[courseId]/price                           17.2 kB         272 kB
 ++ command:local:Command oeBuilder creating replacement (184s) [diff: ]; ├ ƒ /[locale]/creator/courses/[courseId]/settings                        48.5 kB         890 kB
 ++ command:local:Command oeBuilder creating replacement (184s) [diff: ]; ├ ƒ /[locale]/creator/courses/[courseId]/trigger-form                    16.9 kB         303 kB
 ++ command:local:Command oeBuilder creating replacement (184s) [diff: ]; ├ ƒ /[locale]/creator/courses/ai                                           207 B         356 kB
 ++ command:local:Command oeBuilder creating replacement (184s) [diff: ]; ├ ƒ /[locale]/creator/courses/ai/[id]                                      207 B         356 kB
 ++ command:local:Command oeBuilder creating replacement (184s) [diff: ]; ├ ƒ /[locale]/creator/courses/ai/[id]/general-information                8.56 kB         254 kB
 ++ command:local:Command oeBuilder creating replacement (184s) [diff: ]; ├ ƒ /[locale]/creator/create-launchpads/[launchpadId]                      57 kB         544 kB
 ++ command:local:Command oeBuilder creating replacement (184s) [diff: ]; ├ ƒ /[locale]/creator/forms                                                231 B         476 kB
 ++ command:local:Command oeBuilder creating replacement (184s) [diff: ]; ├ ƒ /[locale]/creator/forms/[id]                                           231 B         476 kB
 ++ command:local:Command oeBuilder creating replacement (184s) [diff: ]; ├ ƒ /[locale]/creator/forms/create                                         231 B         476 kB
 ++ command:local:Command oeBuilder creating replacement (184s) [diff: ]; ├ ƒ /[locale]/creator/launchpad                                          11.5 kB         219 kB
 ++ command:local:Command oeBuilder creating replacement (184s) [diff: ]; ├ ƒ /[locale]/creator/launchpad/[id]                                       13 kB         480 kB
 ++ command:local:Command oeBuilder creating replacement (184s) [diff: ]; ├ ƒ /[locale]/demo                                                       20.6 kB         269 kB
 ++ command:local:Command oeBuilder creating replacement (184s) [diff: ]; ├ ƒ /[locale]/email-verify                                               4.29 kB         179 kB
 ++ command:local:Command oeBuilder creating replacement (184s) [diff: ]; ├ ƒ /[locale]/faq                                                          685 B         128 kB
 ++ command:local:Command oeBuilder creating replacement (184s) [diff: ]; ├ ƒ /[locale]/forgot-password                                            4.44 kB         243 kB
 ++ command:local:Command oeBuilder creating replacement (184s) [diff: ]; ├ ƒ /[locale]/launchpad                                                  14.8 kB         221 kB
 ++ command:local:Command oeBuilder creating replacement (184s) [diff: ]; ├ ƒ /[locale]/launchpad/[id]                                             2.28 kB         153 kB
 ++ command:local:Command oeBuilder creating replacement (184s) [diff: ]; ├ ƒ /[locale]/launchpad/[id]/pledge                                      16.9 kB         254 kB
 ++ command:local:Command oeBuilder creating replacement (184s) [diff: ]; ├ ƒ /[locale]/launchpad/[id]/vote                                        13.1 kB         204 kB
 ++ command:local:Command oeBuilder creating replacement (184s) [diff: ]; ├ ƒ /[locale]/launchpad/my-launchpad                                     14.5 kB         167 kB
 ++ command:local:Command oeBuilder creating replacement (184s) [diff: ]; ├ ƒ /[locale]/learner                                                    6.14 kB         263 kB
 ++ command:local:Command oeBuilder creating replacement (184s) [diff: ]; ├ ƒ /[locale]/learner/my-certificates                                    10.2 kB         253 kB
 ++ command:local:Command oeBuilder creating replacement (184s) [diff: ]; ├ ƒ /[locale]/learner/my-courses                                         2.98 kB         196 kB
 ++ command:local:Command oeBuilder creating replacement (184s) [diff: ]; ├ ƒ /[locale]/learner/my-courses/completed                                 170 B         190 kB
 ++ command:local:Command oeBuilder creating replacement (184s) [diff: ]; ├ ƒ /[locale]/learner/my-courses/in-progress                               171 B         190 kB
 ++ command:local:Command oeBuilder creating replacement (184s) [diff: ]; ├ ƒ /[locale]/learner/my-courses/not-started                               170 B         190 kB
 ++ command:local:Command oeBuilder creating replacement (184s) [diff: ]; ├ ƒ /[locale]/learner/wishlist                                             170 B         190 kB
 ++ command:local:Command oeBuilder creating replacement (184s) [diff: ]; ├ ƒ /[locale]/login                                                      2.69 kB         235 kB
 ++ command:local:Command oeBuilder creating replacement (184s) [diff: ]; ├ ƒ /[locale]/news-feed                                                   7.2 kB         218 kB
 ++ command:local:Command oeBuilder creating replacement (184s) [diff: ]; ├ ƒ /[locale]/news-feed/[slug]                                           3.43 kB         979 kB
 ++ command:local:Command oeBuilder creating replacement (184s) [diff: ]; ├ ƒ /[locale]/news-feed/author/[username]                                  20 kB         193 kB
 ++ command:local:Command oeBuilder creating replacement (184s) [diff: ]; ├ ƒ /[locale]/news-feed/author/[username]/[slug]                          3.5 kB         979 kB
 ++ command:local:Command oeBuilder creating replacement (184s) [diff: ]; ├ ƒ /[locale]/news-feed/category/[id]                                      264 B         209 kB
 ++ command:local:Command oeBuilder creating replacement (184s) [diff: ]; ├ ƒ /[locale]/news-feed/hashtag/[id]                                       264 B         209 kB
 ++ command:local:Command oeBuilder creating replacement (184s) [diff: ]; ├ ƒ /[locale]/news-feed/list                                               266 B         209 kB
 ++ command:local:Command oeBuilder creating replacement (184s) [diff: ]; ├ ƒ /[locale]/news-feed/me/[id]/edit                                     1.03 kB         977 kB
 ++ command:local:Command oeBuilder creating replacement (184s) [diff: ]; ├ ƒ /[locale]/news-feed/me/[id]/preview                                    330 B         976 kB
 ++ command:local:Command oeBuilder creating replacement (184s) [diff: ]; ├ ƒ /[locale]/news-feed/me/creation                                      1.03 kB         977 kB
 ++ command:local:Command oeBuilder creating replacement (184s) [diff: ]; ├ ƒ /[locale]/news-feed/me/management                                    15.8 kB         318 kB
 ++ command:local:Command oeBuilder creating replacement (184s) [diff: ]; ├ ƒ /[locale]/org-not-found                                                556 B         155 kB
 ++ command:local:Command oeBuilder creating replacement (184s) [diff: ]; ├ ƒ /[locale]/referral-program                                           9.79 kB         230 kB
 ++ command:local:Command oeBuilder creating replacement (184s) [diff: ]; ├ ƒ /[locale]/referral-program/history                                   7.67 kB         381 kB
 ++ command:local:Command oeBuilder creating replacement (184s) [diff: ]; ├ ƒ /[locale]/schedule                                                   60.2 kB         215 kB
 ++ command:local:Command oeBuilder creating replacement (184s) [diff: ]; ├ ƒ /[locale]/signup                                                     2.44 kB         245 kB
 ++ command:local:Command oeBuilder creating replacement (184s) [diff: ]; ├ ƒ /[locale]/social-login                                                 184 B         113 kB
 ++ command:local:Command oeBuilder creating replacement (184s) [diff: ]; ├ ƒ /[locale]/terms                                                        184 B         113 kB
 ++ command:local:Command oeBuilder creating replacement (184s) [diff: ]; ├ ƒ /[locale]/terms/[terms]                                                184 B         113 kB
 ++ command:local:Command oeBuilder creating replacement (184s) [diff: ]; ├ ƒ /[locale]/unauthorized                                                 556 B         155 kB
 ++ command:local:Command oeBuilder creating replacement (184s) [diff: ]; ├ ƒ /[locale]/user/[user]                                                13.9 kB         234 kB
 ++ command:local:Command oeBuilder creating replacement (184s) [diff: ]; ├ ƒ /[locale]/user/[user]/certificate/[certificateId]                    5.34 kB         245 kB
 ++ command:local:Command oeBuilder creating replacement (184s) [diff: ]; ├ ƒ /[locale]/user/[user]/edit/account                                   4.16 kB         285 kB
 ++ command:local:Command oeBuilder creating replacement (184s) [diff: ]; ├ ƒ /[locale]/user/[user]/edit/notifications                              1.3 kB         266 kB
 ++ command:local:Command oeBuilder creating replacement (184s) [diff: ]; ├ ƒ /[locale]/user/[user]/edit/password                                  2.83 kB         284 kB
 ++ command:local:Command oeBuilder creating replacement (184s) [diff: ]; ├ ƒ /[locale]/user/[user]/edit/privacy                                   12.6 kB         290 kB
 ++ command:local:Command oeBuilder creating replacement (184s) [diff: ]; ├ ƒ /[locale]/user/[user]/edit/profile                                   14.5 kB         296 kB
 ++ command:local:Command oeBuilder creating replacement (184s) [diff: ]; ├ ƒ /[locale]/user/[user]/edit/profile/blogs                               814 B         305 kB
 ++ command:local:Command oeBuilder creating replacement (184s) [diff: ]; ├ ƒ /[locale]/user/[user]/edit/profile/certificates                        820 B         305 kB
 ++ command:local:Command oeBuilder creating replacement (184s) [diff: ]; ├ ƒ /[locale]/user/[user]/edit/profile/courses                             876 B         305 kB
 ++ command:local:Command oeBuilder creating replacement (184s) [diff: ]; ├ ƒ /[locale]/wallet                                                       10 kB         502 kB
 ++ command:local:Command oeBuilder creating replacement (184s) [diff: ]; ├ ƒ /[locale]/wallet/bank-accounts                                       9.06 kB         285 kB
 ++ command:local:Command oeBuilder creating replacement (184s) [diff: ]; ├ ƒ /[locale]/wallet/earning                                              9.3 kB         456 kB
 ++ command:local:Command oeBuilder creating replacement (184s) [diff: ]; ├ ƒ /[locale]/wallet/history                                             16.4 kB         304 kB
 ++ command:local:Command oeBuilder creating replacement (184s) [diff: ]; ├ ƒ /[locale]/wallet/nft                                                 3.61 kB         413 kB
 ++ command:local:Command oeBuilder creating replacement (184s) [diff: ]; ├ ƒ /[locale]/wallet/withdraw                                            13.9 kB         457 kB
 ++ command:local:Command oeBuilder creating replacement (184s) [diff: ]; ├ ƒ /api/auth/refresh-token                                                184 B         113 kB
 ++ command:local:Command oeBuilder creating replacement (184s) [diff: ]; ├ ○ /manifest.webmanifest                                                  184 B         113 kB
 ++ command:local:Command oeBuilder creating replacement (184s) [diff: ]; ├ ○ /robots.txt                                                            184 B         113 kB
 ++ command:local:Command oeBuilder creating replacement (184s) [diff: ]; └ ○ /sitemap.xml                                                           184 B         113 kB
 ++ command:local:Command oeBuilder creating replacement (184s) [diff: ]; + First Load JS shared by all                                             113 kB
 ++ command:local:Command oeBuilder creating replacement (184s) [diff: ];   ├ chunks/4838-c43ea69c09ff3de5.js                                      45.2 kB
 ++ command:local:Command oeBuilder creating replacement (184s) [diff: ];   ├ chunks/ce56524f-67dc1c007e913021.js                                  63.7 kB
 ++ command:local:Command oeBuilder creating replacement (184s) [diff: ];   └ other shared chunks (total)                                          4.16 kB
 ++ command:local:Command oeBuilder creating replacement (184s) [diff: ]; 
 ++ command:local:Command oeBuilder creating replacement (184s) [diff: ]; 
 ++ command:local:Command oeBuilder creating replacement (184s) [diff: ]; ƒ Middleware                                                             64.8 kB
 ++ command:local:Command oeBuilder creating replacement (184s) [diff: ]; 
 ++ command:local:Command oeBuilder creating replacement (184s) [diff: ]; ○  (Static)   prerendered as static content
 ++ command:local:Command oeBuilder creating replacement (184s) [diff: ]; ƒ  (Dynamic)  server-rendered on demand
 ++ command:local:Command oeBuilder creating replacement (184s) [diff: ]; 
 ++ command:local:Command oeBuilder creating replacement (185s) [diff: ]; 
 ++ command:local:Command oeBuilder creating replacement (185s) [diff: ]; ┌──────────────────────────────┐
 ++ command:local:Command oeBuilder creating replacement (185s) [diff: ]; │ OpenNext — Generating bundle │
 ++ command:local:Command oeBuilder creating replacement (185s) [diff: ]; └──────────────────────────────┘
 ++ command:local:Command oeBuilder creating replacement (185s) [diff: ]; 
@ updating....
 ++ command:local:Command oeBuilder creating replacement (186s) [diff: ]; Bundling middleware function...
 ++ command:local:Command oeBuilder creating replacement (186s) [diff: ]; Bundling static assets...
@ updating....
 ++ command:local:Command oeBuilder creating replacement (187s) [diff: ]; Bundling cache assets...
@ updating.....
 ++ command:local:Command oeBuilder creating replacement (189s) [diff: ]; Building server function: default...
@ updating..........
 ++ command:local:Command oeBuilder creating replacement (196s) [diff: ]; Applying code patches: 5.924s
@ updating....
 ++ command:local:Command oeBuilder creating replacement (197s) [diff: ]; Bundling revalidation function...
@ updating.....
 ++ command:local:Command oeBuilder creating replacement (199s) [diff: ]; Bundling image optimization function...
@ updating....
 ++ command:local:Command oeBuilder creating replacement (200s) [diff: ]; Installing dependencies for image-optimization-function...
@ updating..................
 ++ command:local:Command oeBuilder creating replacement (215s) [diff: ]; Dependencies installed for image-optimization-function
 ++ command:local:Command oeBuilder creating replacement (215s) [diff: ]; Bundling warmer function...
 ++ command:local:Command oeBuilder creating replacement (215s) [diff: ]; OpenNext build complete.
 ++ command:local:Command oeBuilder created replacement (215s) [diff: ]; OpenNext build complete.
 +- command:local:Command oeBuilder replacing (0s) [diff: ]; OpenNext build complete.
 +- command:local:Command oeBuilder replaced (0.00s) [diff: ]; OpenNext build complete.
@ updating.......
 ++ aws:s3:BucketObjectv2 oeRevalidationSeederCode creating replacement (0s) [diff: ~key,source]
@ updating....
 ~  pulumi-nodejs:dynamic:Resource oeAssetFiles.sst.aws.BucketFiles updating (0s) [diff: ~files]
 ++ aws:s3:BucketObjectv2 oeRevalidationEventsSubscriberCtfzuxFunctionCode creating replacement (0s) [diff: ~key,source]
 ++ aws:s3:BucketObjectv2 oeRevalidationSeederCode created replacement (0.62s) [diff: ~key,source]
 +- aws:s3:BucketObjectv2 oeRevalidationSeederCode replacing (0s) [diff: ~key,source]
 +- aws:s3:BucketObjectv2 oeRevalidationSeederCode replaced (0.00s) [diff: ~key,source]
 ~  aws:lambda:Function oeRevalidationSeederFunction updating (0s) [diff: ~s3Key]
 ++ aws:s3:BucketObjectv2 oeRevalidationEventsSubscriberCtfzuxFunctionCode created replacement (0.27s) [diff: ~key,source]
 +- aws:s3:BucketObjectv2 oeRevalidationEventsSubscriberCtfzuxFunctionCode replacing (0s) [diff: ~key,source]
 +- aws:s3:BucketObjectv2 oeRevalidationEventsSubscriberCtfzuxFunctionCode replaced (0.00s) [diff: ~key,source]
 ~  aws:lambda:Function oeRevalidationEventsSubscriberCtfzuxFunctionFunction updating (0s) [diff: ~s3Key]
@ updating.........
 ++ aws:s3:BucketObjectv2 oeImageOptimizerCode creating replacement (0s) [diff: ~key,source]
@ updating....
 ~  pulumi-nodejs:dynamic:Resource oeAssetFiles.sst.aws.BucketFiles updated (6s) [diff: ~files]
 ~  aws:lambda:Function oeRevalidationEventsSubscriberCtfzuxFunctionFunction updated (6s) [diff: ~s3Key]
 ~  aws:lambda:Function oeRevalidationSeederFunction updated (6s) [diff: ~s3Key]
 ++ aws:lambda:Invocation oeRevalidationSeed creating replacement (0s) [diff: ~triggers]
@ updating.....
 ++ aws:lambda:Invocation oeRevalidationSeed created replacement (1s) [diff: ~triggers]
 +- aws:lambda:Invocation oeRevalidationSeed replacing (0s) [diff: ~triggers]
 +- aws:lambda:Invocation oeRevalidationSeed replaced (0.00s) [diff: ~triggers]
@ updating.....
 ++ aws:s3:BucketObjectv2 oeServerApsoutheast1Code creating replacement (0s) [diff: ~key,source]
@ updating....
 ++ aws:s3:BucketObjectv2 oeImageOptimizerCode created replacement (6s) [diff: ~key,source]
 +- aws:s3:BucketObjectv2 oeImageOptimizerCode replacing (0s) [diff: ~key,source]
 +- aws:s3:BucketObjectv2 oeImageOptimizerCode replaced (0.00s) [diff: ~key,source]
 ~  aws:lambda:Function oeImageOptimizerFunction updating (0s) [diff: ~s3Key]
@ updating..........
 ~  aws:lambda:Function oeImageOptimizerFunction updated (6s) [diff: ~s3Key]
@ updating.....
 ++ aws:s3:BucketObjectv2 oeServerApsoutheast1Code created replacement (10s) [diff: ~key,source]
 +- aws:s3:BucketObjectv2 oeServerApsoutheast1Code replacing (0s) [diff: ~key,source]
 +- aws:s3:BucketObjectv2 oeServerApsoutheast1Code replaced (0.00s) [diff: ~key,source]
@ updating....
 ~  aws:lambda:Function oeServerApsoutheast1Function updating (0s) [diff: ~s3Key]
@ updating..........
 ~  aws:lambda:Function oeServerApsoutheast1Function updated (7s) [diff: ~s3Key]
 ~  pulumi-nodejs:dynamic:Resource oeInvalidation.sst.aws.DistributionInvalidation updating (0s) [diff: ~version]
 ++ aws:lambda:Invocation oePrewarmApsoutheast1 creating replacement (0s) [diff: ~triggers]
@ updating....
 ++ aws:lambda:Invocation oePrewarmApsoutheast1 created replacement (0.82s) [diff: ~triggers]
 +- aws:lambda:Invocation oePrewarmApsoutheast1 replacing (0s) [diff: ~triggers]
 +- aws:lambda:Invocation oePrewarmApsoutheast1 replaced (0.00s) [diff: ~triggers]
@ updating..............................................................................................
 ~  pulumi-nodejs:dynamic:Resource oeInvalidation.sst.aws.DistributionInvalidation updated (92s) [diff: ~version]
 -- aws:lambda:Invocation oePrewarmApsoutheast1 deleting original (0s) [diff: ~triggers]
 -- aws:lambda:Invocation oePrewarmApsoutheast1 deleted original (0.06s) [diff: ~triggers]
 -- aws:s3:BucketObjectv2 oeRevalidationSeederCode deleting original (0s) [diff: ~key,source]
 -- aws:s3:BucketObjectv2 oeServerApsoutheast1Code deleting original (0s) [diff: ~key,source]
 -- aws:s3:BucketObjectv2 oeImageOptimizerCode deleting original (0s) [diff: ~key,source]
 -- aws:lambda:Invocation oeRevalidationSeed deleting original (0s) [diff: ~triggers]
 -- aws:s3:BucketObjectv2 oeRevalidationEventsSubscriberCtfzuxFunctionCode deleting original (0s) [diff: ~key,source]
 -- command:local:Command oeBuilder deleting original (0s) [diff: ]; OpenNext build complete.
 -- aws:lambda:Invocation oeRevalidationSeed deleted original (0.20s) [diff: ~triggers]
 -- aws:s3:BucketObjectv2 oeRevalidationSeederCode deleted original (0.20s) [diff: ~key,source]
 -- aws:s3:BucketObjectv2 oeServerApsoutheast1Code deleted original (0.26s) [diff: ~key,source]
 -- aws:s3:BucketObjectv2 oeImageOptimizerCode deleted original (0.26s) [diff: ~key,source]
 -- command:local:Command oeBuilder deleted original (0.29s) [diff: ]; OpenNext build complete.
 -- aws:s3:BucketObjectv2 oeRevalidationEventsSubscriberCtfzuxFunctionCode deleted original (0.32s) [diff: ~key,source]
@ updating....
    pulumi:pulumi:Stack oe-production  
Outputs:
    _protect: false

Resources:
    ~ 6 updated
    +-7 replaced
    13 changes. 45 unchanged

Duration: 5m50s

